/home1/ososovskyy/.conda/envs/llava-st/lib/python3.10/site-packages/torch/cuda/__init__.py:51: FutureWarning: The pynvml package is deprecated. Please install nvidia-ml-py instead. If you did not install pynvml directly, please report this to the maintainers of the package that installed pynvml for you.
  import pynvml  # type: ignore[import]
[2026-02-08 11:21:30,733] [INFO] [real_accelerator.py:203:get_accelerator] Setting ds_accelerator to cuda (auto detect)
/home1/ososovskyy/.conda/envs/llava-st/lib/python3.10/site-packages/huggingface_hub/file_download.py:942: FutureWarning: `resume_download` is deprecated and will be removed in version 1.0.0. Downloads always resume when possible. If you want to force a new download, use `force_download=True`.
  warnings.warn(
Warning: The default cache directory for DeepSpeed Triton autotune, /home1/ososovskyy/.triton/autotune, appears to be on an NFS system. While this is generally acceptable, if you experience slowdowns or hanging when DeepSpeed exits, it is recommended to set the TRITON_CACHE_DIR environment variable to a non-NFS path.
[93m [WARNING] [0m async_io requires the dev libaio .so object and headers but these were not found.
[93m [WARNING] [0m async_io: please install the libaio-devel package with yum
[93m [WARNING] [0m If libaio is already installed (perhaps from source), try setting the CFLAGS and LDFLAGS environment variables to where it can be found.
[93m [WARNING] [0m Please specify the CUTLASS repo directory as environment variable $CUTLASS_PATH
[93m [WARNING] [0m sparse_attn requires a torch version >= 1.5 and < 2.0 but detected 2.1
[93m [WARNING] [0m using untested triton version (2.1.0), only 1.0.0 is known to be compatible
Loaded 1406 samples
Loading DINOv2-large model...
Model loaded on cuda
Extracting features:   0%|          | 0/1406 [00:00<?, ?it/s]Extracting features:   0%|          | 0/1406 [00:00<?, ?it/s]
Traceback (most recent call last):
  File "/data1/ososovskyy/LLaVA-ST-BabyLM-Configuration/extract_video_features.py", line 113, in <module>
    main()
  File "/data1/ososovskyy/LLaVA-ST-BabyLM-Configuration/extract_video_features.py", line 56, in main
    video_file = sample["video"]
KeyError: 'video'
